2026-02-28 03:48:31.423 [info] [main] Log level: Info
2026-02-28 03:48:31.423 [info] [main] Validating found git in: "git"
2026-02-28 03:48:31.423 [info] [main] Using git "2.53.0" from "git"
2026-02-28 03:48:31.423 [info] [Model][doInitialScan] Initial repository scan started
2026-02-28 03:48:31.423 [info] > git rev-parse --show-toplevel [16ms]
2026-02-28 03:48:31.423 [info] fatal: not a git repository (or any parent up to mount point /)
Stopping at filesystem boundary (GIT_DISCOVERY_ACROSS_FILESYSTEM not set).
2026-02-28 03:48:31.423 [info] > git rev-parse --show-toplevel [1ms]
2026-02-28 03:48:31.423 [info] fatal: not a git repository (or any parent up to mount point /)
Stopping at filesystem boundary (GIT_DISCOVERY_ACROSS_FILESYSTEM not set).
2026-02-28 03:48:31.423 [info] > git rev-parse --show-toplevel [2ms]
2026-02-28 03:48:31.423 [info] fatal: not a git repository (or any parent up to mount point /)
Stopping at filesystem boundary (GIT_DISCOVERY_ACROSS_FILESYSTEM not set).
2026-02-28 03:48:31.423 [info] > git rev-parse --show-toplevel [1ms]
2026-02-28 03:48:31.423 [info] fatal: not a git repository (or any parent up to mount point /)
Stopping at filesystem boundary (GIT_DISCOVERY_ACROSS_FILESYSTEM not set).
2026-02-28 03:48:31.423 [info] [Model][doInitialScan] Initial repository scan completed - repositories (0), closed repositories (0), parent repositories (0), unsafe repositories (0)
2026-02-28 03:48:31.509 [info] > git rev-parse --show-toplevel [2ms]
2026-02-28 03:48:31.510 [info] fatal: not a git repository (or any parent up to mount point /)
Stopping at filesystem boundary (GIT_DISCOVERY_ACROSS_FILESYSTEM not set).
2026-02-28 03:48:31.559 [info] > git rev-parse --show-toplevel [1ms]
2026-02-28 03:48:31.559 [info] fatal: not a git repository (or any parent up to mount point /)
Stopping at filesystem boundary (GIT_DISCOVERY_ACROSS_FILESYSTEM not set).
2026-02-28 03:48:32.624 [info] > git rev-parse --show-toplevel [2ms]
2026-02-28 03:48:32.624 [info] fatal: not a git repository (or any parent up to mount point /)
Stopping at filesystem boundary (GIT_DISCOVERY_ACROSS_FILESYSTEM not set).
2026-02-28 03:48:46.521 [info] > git rev-parse --show-toplevel [1ms]
2026-02-28 03:48:46.521 [info] fatal: not a git repository (or any parent up to mount point /)
Stopping at filesystem boundary (GIT_DISCOVERY_ACROSS_FILESYSTEM not set).
2026-02-28 04:02:21.879 [info] > git rev-parse --show-toplevel [1ms]
2026-02-28 04:02:21.879 [info] fatal: not a git repository (or any parent up to mount point /)
Stopping at filesystem boundary (GIT_DISCOVERY_ACROSS_FILESYSTEM not set).
2026-02-28 04:02:34.623 [info] > git rev-parse --show-toplevel [1ms]
2026-02-28 04:02:34.623 [info] fatal: not a git repository (or any parent up to mount point /)
Stopping at filesystem boundary (GIT_DISCOVERY_ACROSS_FILESYSTEM not set).
2026-02-28 04:03:49.936 [info] > git rev-parse --show-toplevel [1ms]
2026-02-28 04:03:49.936 [info] fatal: not a git repository (or any parent up to mount point /)
Stopping at filesystem boundary (GIT_DISCOVERY_ACROSS_FILESYSTEM not set).
2026-02-28 04:03:52.624 [info] > git rev-parse --show-toplevel [1ms]
2026-02-28 04:03:52.624 [info] fatal: not a git repository (or any parent up to mount point /)
Stopping at filesystem boundary (GIT_DISCOVERY_ACROSS_FILESYSTEM not set).
2026-02-28 04:03:55.379 [info] > git rev-parse --show-toplevel [2ms]
2026-02-28 04:03:55.379 [info] fatal: not a git repository (or any parent up to mount point /)
Stopping at filesystem boundary (GIT_DISCOVERY_ACROSS_FILESYSTEM not set).
2026-02-28 04:03:58.274 [info] > git rev-parse --show-toplevel [2ms]
2026-02-28 04:03:58.274 [info] fatal: not a git repository (or any parent up to mount point /)
Stopping at filesystem boundary (GIT_DISCOVERY_ACROSS_FILESYSTEM not set).
2026-02-28 04:04:02.015 [info] > git rev-parse --show-toplevel [1ms]
2026-02-28 04:04:02.015 [info] fatal: not a git repository (or any parent up to mount point /)
Stopping at filesystem boundary (GIT_DISCOVERY_ACROSS_FILESYSTEM not set).
2026-02-28 04:04:09.909 [info] > git rev-parse --show-toplevel [1ms]
2026-02-28 04:04:09.909 [info] fatal: not a git repository (or any parent up to mount point /)
Stopping at filesystem boundary (GIT_DISCOVERY_ACROSS_FILESYSTEM not set).
2026-02-28 04:04:35.426 [info] > git rev-parse --show-toplevel [2ms]
2026-02-28 04:04:35.426 [info] fatal: not a git repository (or any parent up to mount point /)
Stopping at filesystem boundary (GIT_DISCOVERY_ACROSS_FILESYSTEM not set).
