2026-02-28 03:26:31.235 [info] [main] Log level: Info
2026-02-28 03:26:31.235 [info] [main] Validating found git in: "git"
2026-02-28 03:26:31.235 [info] [main] Using git "2.53.0" from "git"
2026-02-28 03:26:31.235 [info] [Model][doInitialScan] Initial repository scan started
2026-02-28 03:26:31.235 [info] > git rev-parse --show-toplevel [10ms]
2026-02-28 03:26:31.235 [info] fatal: not a git repository (or any parent up to mount point /)
Stopping at filesystem boundary (GIT_DISCOVERY_ACROSS_FILESYSTEM not set).
2026-02-28 03:26:31.235 [info] > git rev-parse --show-toplevel [1ms]
2026-02-28 03:26:31.235 [info] fatal: not a git repository (or any parent up to mount point /)
Stopping at filesystem boundary (GIT_DISCOVERY_ACROSS_FILESYSTEM not set).
2026-02-28 03:26:31.235 [info] > git rev-parse --show-toplevel [2ms]
2026-02-28 03:26:31.235 [info] fatal: not a git repository (or any parent up to mount point /)
Stopping at filesystem boundary (GIT_DISCOVERY_ACROSS_FILESYSTEM not set).
2026-02-28 03:26:31.235 [info] > git rev-parse --show-toplevel [2ms]
2026-02-28 03:26:31.235 [info] fatal: not a git repository (or any parent up to mount point /)
Stopping at filesystem boundary (GIT_DISCOVERY_ACROSS_FILESYSTEM not set).
2026-02-28 03:26:31.235 [info] [Model][doInitialScan] Initial repository scan completed - repositories (0), closed repositories (0), parent repositories (0), unsafe repositories (0)
2026-02-28 03:26:31.330 [info] > git rev-parse --show-toplevel [1ms]
2026-02-28 03:26:31.331 [info] fatal: not a git repository (or any parent up to mount point /)
Stopping at filesystem boundary (GIT_DISCOVERY_ACROSS_FILESYSTEM not set).
2026-02-28 03:26:31.377 [info] > git rev-parse --show-toplevel [1ms]
2026-02-28 03:26:31.377 [info] fatal: not a git repository (or any parent up to mount point /)
Stopping at filesystem boundary (GIT_DISCOVERY_ACROSS_FILESYSTEM not set).
2026-02-28 03:26:32.752 [info] > git rev-parse --show-toplevel [1ms]
2026-02-28 03:26:32.752 [info] fatal: not a git repository (or any parent up to mount point /)
Stopping at filesystem boundary (GIT_DISCOVERY_ACROSS_FILESYSTEM not set).
