2026-02-27 19:12:42.685 [info] [main] Log level: Info
2026-02-27 19:12:42.685 [info] [main] Validating found git in: "git"
2026-02-27 19:12:42.685 [info] [main] Using git "2.53.0" from "git"
2026-02-27 19:12:42.685 [info] [Model][doInitialScan] Initial repository scan started
2026-02-27 19:12:42.685 [info] > git rev-parse --show-toplevel [7ms]
2026-02-27 19:12:42.685 [info] fatal: not a git repository (or any parent up to mount point /)
Stopping at filesystem boundary (GIT_DISCOVERY_ACROSS_FILESYSTEM not set).
2026-02-27 19:12:42.685 [info] > git rev-parse --show-toplevel [2ms]
2026-02-27 19:12:42.685 [info] fatal: not a git repository (or any parent up to mount point /)
Stopping at filesystem boundary (GIT_DISCOVERY_ACROSS_FILESYSTEM not set).
2026-02-27 19:12:42.685 [info] [Model][doInitialScan] Initial repository scan completed - repositories (0), closed repositories (0), parent repositories (0), unsafe repositories (0)
2026-02-27 19:12:42.826 [info] > git rev-parse --show-toplevel [1ms]
2026-02-27 19:12:42.826 [info] fatal: not a git repository (or any parent up to mount point /)
Stopping at filesystem boundary (GIT_DISCOVERY_ACROSS_FILESYSTEM not set).
2026-02-27 19:12:42.921 [info] > git rev-parse --show-toplevel [1ms]
2026-02-27 19:12:42.921 [info] fatal: not a git repository (or any parent up to mount point /)
Stopping at filesystem boundary (GIT_DISCOVERY_ACROSS_FILESYSTEM not set).
2026-02-27 19:12:44.185 [info] > git rev-parse --show-toplevel [2ms]
2026-02-27 19:12:44.185 [info] fatal: not a git repository (or any parent up to mount point /)
Stopping at filesystem boundary (GIT_DISCOVERY_ACROSS_FILESYSTEM not set).
