2026-02-28 00:37:43.775 [info] [main] Log level: Info
2026-02-28 00:37:43.775 [info] [main] Validating found git in: "git"
2026-02-28 00:37:43.775 [info] [main] Using git "2.53.0" from "git"
2026-02-28 00:37:43.775 [info] [Model][doInitialScan] Initial repository scan started
2026-02-28 00:37:43.775 [info] > git rev-parse --show-toplevel [7ms]
2026-02-28 00:37:43.775 [info] fatal: not a git repository (or any parent up to mount point /)
Stopping at filesystem boundary (GIT_DISCOVERY_ACROSS_FILESYSTEM not set).
2026-02-28 00:37:43.775 [info] > git rev-parse --show-toplevel [1ms]
2026-02-28 00:37:43.775 [info] fatal: not a git repository (or any parent up to mount point /)
Stopping at filesystem boundary (GIT_DISCOVERY_ACROSS_FILESYSTEM not set).
2026-02-28 00:37:43.775 [info] > git rev-parse --show-toplevel [1ms]
2026-02-28 00:37:43.775 [info] fatal: not a git repository (or any parent up to mount point /)
Stopping at filesystem boundary (GIT_DISCOVERY_ACROSS_FILESYSTEM not set).
2026-02-28 00:37:43.775 [info] [Model][doInitialScan] Initial repository scan completed - repositories (0), closed repositories (0), parent repositories (0), unsafe repositories (0)
2026-02-28 00:37:43.775 [info] > git rev-parse --show-toplevel [2ms]
2026-02-28 00:37:43.775 [info] fatal: not a git repository (or any parent up to mount point /)
Stopping at filesystem boundary (GIT_DISCOVERY_ACROSS_FILESYSTEM not set).
2026-02-28 00:37:43.942 [info] > git rev-parse --show-toplevel [2ms]
2026-02-28 00:37:43.942 [info] fatal: not a git repository (or any parent up to mount point /)
Stopping at filesystem boundary (GIT_DISCOVERY_ACROSS_FILESYSTEM not set).
2026-02-28 00:37:44.028 [info] > git rev-parse --show-toplevel [1ms]
2026-02-28 00:37:44.028 [info] fatal: not a git repository (or any parent up to mount point /)
Stopping at filesystem boundary (GIT_DISCOVERY_ACROSS_FILESYSTEM not set).
2026-02-28 00:37:44.860 [info] > git rev-parse --show-toplevel [2ms]
2026-02-28 00:37:44.860 [info] fatal: not a git repository (or any parent up to mount point /)
Stopping at filesystem boundary (GIT_DISCOVERY_ACROSS_FILESYSTEM not set).
2026-02-28 00:37:50.022 [info] > git rev-parse --show-toplevel [2ms]
2026-02-28 00:37:50.022 [info] fatal: not a git repository (or any parent up to mount point /)
Stopping at filesystem boundary (GIT_DISCOVERY_ACROSS_FILESYSTEM not set).
