2026-02-28 13:41:33.898 [info] [main] Log level: Info
2026-02-28 13:41:33.898 [info] [main] Validating found git in: "git"
2026-02-28 13:41:33.898 [info] [main] Using git "2.53.0" from "git"
2026-02-28 13:41:33.898 [info] [Model][doInitialScan] Initial repository scan started
2026-02-28 13:41:33.898 [info] > git rev-parse --show-toplevel [10ms]
2026-02-28 13:41:33.898 [info] fatal: not a git repository (or any parent up to mount point /)
Stopping at filesystem boundary (GIT_DISCOVERY_ACROSS_FILESYSTEM not set).
2026-02-28 13:41:33.898 [info] > git rev-parse --show-toplevel [6ms]
2026-02-28 13:41:33.898 [info] fatal: not a git repository (or any parent up to mount point /)
Stopping at filesystem boundary (GIT_DISCOVERY_ACROSS_FILESYSTEM not set).
2026-02-28 13:41:33.898 [info] > git rev-parse --show-toplevel [2ms]
2026-02-28 13:41:33.898 [info] fatal: not a git repository (or any parent up to mount point /)
Stopping at filesystem boundary (GIT_DISCOVERY_ACROSS_FILESYSTEM not set).
2026-02-28 13:41:33.898 [info] [Model][doInitialScan] Initial repository scan completed - repositories (0), closed repositories (0), parent repositories (0), unsafe repositories (0)
2026-02-28 13:41:33.942 [info] > git rev-parse --show-toplevel [2ms]
2026-02-28 13:41:33.942 [info] fatal: not a git repository (or any parent up to mount point /)
Stopping at filesystem boundary (GIT_DISCOVERY_ACROSS_FILESYSTEM not set).
2026-02-28 13:41:34.128 [info] > git rev-parse --show-toplevel [1ms]
2026-02-28 13:41:34.128 [info] fatal: not a git repository (or any parent up to mount point /)
Stopping at filesystem boundary (GIT_DISCOVERY_ACROSS_FILESYSTEM not set).
2026-02-28 13:41:34.202 [info] > git rev-parse --show-toplevel [2ms]
2026-02-28 13:41:34.202 [info] fatal: not a git repository (or any parent up to mount point /)
Stopping at filesystem boundary (GIT_DISCOVERY_ACROSS_FILESYSTEM not set).
2026-02-28 13:41:34.994 [info] > git rev-parse --show-toplevel [2ms]
2026-02-28 13:41:34.994 [info] fatal: not a git repository (or any parent up to mount point /)
Stopping at filesystem boundary (GIT_DISCOVERY_ACROSS_FILESYSTEM not set).
2026-02-28 13:44:51.877 [info] > git rev-parse --show-toplevel [2ms]
2026-02-28 13:44:51.877 [info] fatal: not a git repository (or any parent up to mount point /)
Stopping at filesystem boundary (GIT_DISCOVERY_ACROSS_FILESYSTEM not set).
2026-02-28 13:44:57.679 [info] > git rev-parse --show-toplevel [2ms]
2026-02-28 13:44:57.679 [info] fatal: not a git repository (or any parent up to mount point /)
Stopping at filesystem boundary (GIT_DISCOVERY_ACROSS_FILESYSTEM not set).
2026-02-28 13:44:59.281 [info] > git rev-parse --show-toplevel [2ms]
2026-02-28 13:44:59.281 [info] fatal: not a git repository (or any parent up to mount point /)
Stopping at filesystem boundary (GIT_DISCOVERY_ACROSS_FILESYSTEM not set).
