2026-02-28 14:23:57.312 [info] [main] Log level: Info
2026-02-28 14:23:57.312 [info] [main] Validating found git in: "git"
2026-02-28 14:23:57.312 [info] [main] Using git "2.53.0" from "git"
2026-02-28 14:23:57.312 [info] [Model][doInitialScan] Initial repository scan started
2026-02-28 14:23:57.312 [info] > git rev-parse --show-toplevel [8ms]
2026-02-28 14:23:57.312 [info] fatal: not a git repository (or any parent up to mount point /)
Stopping at filesystem boundary (GIT_DISCOVERY_ACROSS_FILESYSTEM not set).
2026-02-28 14:23:57.312 [info] > git rev-parse --show-toplevel [1ms]
2026-02-28 14:23:57.312 [info] fatal: not a git repository (or any parent up to mount point /)
Stopping at filesystem boundary (GIT_DISCOVERY_ACROSS_FILESYSTEM not set).
2026-02-28 14:23:57.312 [info] > git rev-parse --show-toplevel [2ms]
2026-02-28 14:23:57.312 [info] fatal: not a git repository (or any parent up to mount point /)
Stopping at filesystem boundary (GIT_DISCOVERY_ACROSS_FILESYSTEM not set).
2026-02-28 14:23:57.312 [info] [Model][doInitialScan] Initial repository scan completed - repositories (0), closed repositories (0), parent repositories (0), unsafe repositories (0)
2026-02-28 14:23:57.345 [info] > git rev-parse --show-toplevel [1ms]
2026-02-28 14:23:57.345 [info] fatal: not a git repository (or any parent up to mount point /)
Stopping at filesystem boundary (GIT_DISCOVERY_ACROSS_FILESYSTEM not set).
2026-02-28 14:23:57.432 [info] > git rev-parse --show-toplevel [1ms]
2026-02-28 14:23:57.433 [info] fatal: not a git repository (or any parent up to mount point /)
Stopping at filesystem boundary (GIT_DISCOVERY_ACROSS_FILESYSTEM not set).
2026-02-28 14:23:57.479 [info] > git rev-parse --show-toplevel [1ms]
2026-02-28 14:23:57.479 [info] fatal: not a git repository (or any parent up to mount point /)
Stopping at filesystem boundary (GIT_DISCOVERY_ACROSS_FILESYSTEM not set).
2026-02-28 14:23:58.847 [info] > git rev-parse --show-toplevel [1ms]
2026-02-28 14:23:58.847 [info] fatal: not a git repository (or any parent up to mount point /)
Stopping at filesystem boundary (GIT_DISCOVERY_ACROSS_FILESYSTEM not set).
