2026-02-27 08:19:29.379 [info] Extension host with pid 29530 started
2026-02-27 08:19:29.416 [info] ExtensionService#_doActivateExtension vscode.github-authentication, startup: false, activationEvent: 'onAuthenticationRequest:github'
2026-02-27 08:19:29.441 [info] ExtensionService#_doActivateExtension vscode.emmet, startup: false, activationEvent: 'onLanguage'
2026-02-27 08:19:29.544 [info] ExtensionService#_doActivateExtension vscode.git-base, startup: true, activationEvent: '*', root cause: vscode.git
2026-02-27 08:19:29.570 [info] ExtensionService#_doActivateExtension vscode.git, startup: true, activationEvent: '*'
2026-02-27 08:19:29.617 [info] ExtensionService#_doActivateExtension vscode.github, startup: true, activationEvent: '*'
2026-02-27 08:19:29.730 [info] Eager extensions activated
2026-02-27 08:19:29.835 [info] ExtensionService#_doActivateExtension vscode.debug-auto-launch, startup: false, activationEvent: 'onStartupFinished'
2026-02-27 08:19:29.837 [info] ExtensionService#_doActivateExtension vscode.merge-conflict, startup: false, activationEvent: 'onStartupFinished'
2026-02-27 08:20:20.391 [info] Extension host terminating: renderer closed the MessagePort
2026-02-27 08:20:20.401 [info] Extension host with pid 29530 exiting with code 0
2026-02-27 08:20:21.374 [info] Extension host with pid 30980 started
2026-02-27 08:20:21.374 [info] Skipping acquiring lock for /home/raslabsa/.config/Code/User/workspaceStorage/32d370b1f021968ab5549c0f1f2d1793.
2026-02-27 08:20:21.443 [info] ExtensionService#_doActivateExtension vscode.github-authentication, startup: false, activationEvent: 'onAuthenticationRequest:github'
2026-02-27 08:20:21.469 [info] ExtensionService#_doActivateExtension vscode.emmet, startup: false, activationEvent: 'onLanguage'
2026-02-27 08:20:21.535 [info] ExtensionService#_doActivateExtension vscode.git-base, startup: true, activationEvent: '*'
2026-02-27 08:20:21.551 [info] ExtensionService#_doActivateExtension vscode.github, startup: true, activationEvent: '*'
2026-02-27 08:20:21.620 [info] Eager extensions activated
2026-02-27 08:20:21.676 [info] ExtensionService#_doActivateExtension vscode.debug-auto-launch, startup: false, activationEvent: 'onStartupFinished'
2026-02-27 08:20:21.678 [info] ExtensionService#_doActivateExtension vscode.merge-conflict, startup: false, activationEvent: 'onStartupFinished'
2026-02-27 08:20:23.204 [info] ExtensionService#_doActivateExtension vscode.git, startup: false, activationEvent: 'api', root cause: vscode.github
2026-02-27 08:23:42.297 [info] Extension host terminating: renderer closed the MessagePort
