    OpenRGB v0.9+ (1.0rc2)
    Commit:  from 
    Launched: 20260227_181427
====================================================================================================

53    |Info:    [ResourceManager] Saving detector settings
54    |Info:    [ResourceManager] Initializing HID interfaces: Success
54    |Info:    ------------------------------------------------------
54    |Info:    |               Start device detection               |
54    |Info:    ------------------------------------------------------
64    |Info:    ------------------------------------------------------
64    |Info:    |             Detecting I2C interfaces               |
64    |Info:    ------------------------------------------------------
64    |Warning: [i2c_smbus_linux] Failed to read i2c device PCI device ID
64    |Info:    [ResourceManager] Registering I2C interface: /dev/i2c-3 Device 0000:0000 Subsystem: 0000:0000
64    |Info:    [ResourceManager] Registering I2C interface: /dev/i2c-1 Device 1002:1638 Subsystem: 17AA:3A5D
64    |Info:    [ResourceManager] Registering I2C interface: /dev/i2c-ELAN0001:00 Device 0000:0000 Subsystem: 0000:0000
64    |Info:    [ResourceManager] Registering I2C interface: /dev/i2c-6 Device 1022:790B Subsystem: 17AA:384C
65    |Info:    [ResourceManager] Registering I2C interface: /dev/i2c-4 Device 10DE:25AD Subsystem: 17AA:3A5D
65    |Info:    [ResourceManager] Registering I2C interface: /dev/i2c-2 Device 1002:1638 Subsystem: 17AA:3A5D
65    |Info:    [ResourceManager] Registering I2C interface: /dev/i2c-0 Device 0000:0000 Subsystem: 0000:0000
65    |Info:    [ResourceManager] Registering I2C interface: /dev/i2c-7 Device 1022:790B Subsystem: 17AA:384C
65    |Info:    [ResourceManager] Registering I2C interface: /dev/i2c-5 Device 1022:790B Subsystem: 17AA:384C
65    |Info:    ------------------------------------------------------
65    |Info:    |               Detecting I2C devices                |
65    |Info:    ------------------------------------------------------
917   |Info:    ------------------------------------------------------
917   |Info:    |            Detecting I2C DIMM modules              |
917   |Info:    ------------------------------------------------------
1072  |Info:    [ResourceManager] Detected occupied slot 1, bus 7, type Reserved
1201  |Info:    [ResourceManager] Detected occupied slot 2, bus 7, type Reserved
1607  |Info:    [ResourceManager] Detected occupied slot 1, bus 8, type DDR4
2253  |Info:    [ResourceManager] Detected occupied slot 2, bus 8, type DDR4
2770  |Info:    ------------------------------------------------------
2770  |Info:    |               Detecting I2C PCI devices            |
2770  |Info:    ------------------------------------------------------
2772  |Info:    ------------------------------------------------------
2772  |Info:    |               Detecting HID devices                |
2772  |Info:    ------------------------------------------------------
2772  |Info:    [Lenovo Ideapad 3-15ach6] Registering RGB controller
2772  |Info:    [Lenovo 5 2021 Ideapad] Registering RGB controller
2772  |Info:    ------------------------------------------------------
2772  |Info:    |            Detecting libusb HID devices            |
2772  |Info:    ------------------------------------------------------
2807  |Info:    ------------------------------------------------------
2807  |Info:    |              Detecting other devices               |
2807  |Info:    ------------------------------------------------------
4816  |Info:    [ResourceManager] Calling Post-detection callbacks
4816  |Info:    ------------------------------------------------------
4816  |Info:    |                Detection completed                 |
4816  |Info:    ------------------------------------------------------
4816  |Dialog:  <h2>Some internal devices may not be detected:</h2><p>One or more I2C or SMBus interfaces failed to initialize.</p><p><b>RGB DRAM modules, some motherboards' onboard RGB lighting, and RGB Graphics Cards, will not be available in OpenRGB</b> without I2C or SMBus.</p><h4>How to fix this:</h4><p>On Linux, this is usually because the i2c-dev module is not loaded.</p><p>You must load the i2c-dev module along with the correct i2c driver for your motherboard. This is usually i2c-piix4 for AMD systems and i2c-i801 for Intel systems.</p><p>See <a href='https://help.openrgb.org/'>help.openrgb.org</a> for additional troubleshooting steps if you keep seeing this message.<br></p><h3>If you are not using internal RGB on a desktop this message is not important to you.</h3>
73058 |Info:    [ProfileManager] Found file: Orange.orp attempting to validate header
73058 |Info:    [ProfileManager] Valid v5 profile found for Orange
