    OpenRGB v0.9+ (1.0rc2)
    Commit:  from 
    Launched: 20260228_173609
====================================================================================================

0     |Info:    [ProfileManager] Found file: Orange.orp attempting to validate header
0     |Info:    [ProfileManager] Valid v5 profile found for Orange
53    |Info:    [ResourceManager] Initializing HID interfaces: Success
53    |Info:    ------------------------------------------------------
53    |Info:    |               Start device detection               |
53    |Info:    ------------------------------------------------------
59    |Info:    ------------------------------------------------------
59    |Info:    |             Detecting I2C interfaces               |
59    |Info:    ------------------------------------------------------
59    |Warning: [i2c_smbus_linux] Failed to read i2c device PCI device ID
59    |Info:    [ResourceManager] Registering I2C interface: /dev/i2c-3 Device 0000:0000 Subsystem: 0000:0000
59    |Info:    [ResourceManager] Registering I2C interface: /dev/i2c-1 Device 1002:1638 Subsystem: 17AA:3A5D
59    |Info:    [ResourceManager] Registering I2C interface: /dev/i2c-ELAN0001:00 Device 0000:0000 Subsystem: 0000:0000
59    |Info:    [ResourceManager] Registering I2C interface: /dev/i2c-6 Device 1022:790B Subsystem: 17AA:384C
60    |Info:    [ResourceManager] Registering I2C interface: /dev/i2c-4 Device 10DE:25AD Subsystem: 17AA:3A5D
60    |Info:    [ResourceManager] Registering I2C interface: /dev/i2c-2 Device 1002:1638 Subsystem: 17AA:3A5D
60    |Info:    [ResourceManager] Registering I2C interface: /dev/i2c-0 Device 0000:0000 Subsystem: 0000:0000
60    |Info:    [ResourceManager] Registering I2C interface: /dev/i2c-7 Device 1022:790B Subsystem: 17AA:384C
60    |Info:    [ResourceManager] Registering I2C interface: /dev/i2c-5 Device 1022:790B Subsystem: 17AA:384C
60    |Info:    ------------------------------------------------------
60    |Info:    |               Detecting I2C devices                |
60    |Info:    ------------------------------------------------------
1168  |Info:    ------------------------------------------------------
1168  |Info:    |            Detecting I2C DIMM modules              |
1168  |Info:    ------------------------------------------------------
1339  |Info:    [ResourceManager] Detected occupied slot 1, bus 7, type FPM
1468  |Info:    [ResourceManager] Detected occupied slot 2, bus 7, type FPM
1856  |Info:    [ResourceManager] Detected occupied slot 1, bus 8, type DDR4
2501  |Info:    [ResourceManager] Detected occupied slot 2, bus 8, type DDR4
3021  |Info:    ------------------------------------------------------
3021  |Info:    |               Detecting I2C PCI devices            |
3021  |Info:    ------------------------------------------------------
3024  |Info:    ------------------------------------------------------
3024  |Info:    |               Detecting HID devices                |
3024  |Info:    ------------------------------------------------------
3025  |Info:    [Lenovo Ideapad 3-15ach6] Registering RGB controller
3025  |Info:    [Lenovo 5 2021 Ideapad] Registering RGB controller
3025  |Info:    ------------------------------------------------------
3025  |Info:    |            Detecting libusb HID devices            |
3025  |Info:    ------------------------------------------------------
3080  |Info:    ------------------------------------------------------
3080  |Info:    |              Detecting other devices               |
3080  |Info:    ------------------------------------------------------
5084  |Info:    [ResourceManager] Calling Post-detection callbacks
5084  |Info:    ------------------------------------------------------
5084  |Info:    |                Detection completed                 |
5084  |Info:    ------------------------------------------------------
5084  |Dialog:  <h2>Some internal devices may not be detected:</h2><p>One or more I2C or SMBus interfaces failed to initialize.</p><p><b>RGB DRAM modules, some motherboards' onboard RGB lighting, and RGB Graphics Cards, will not be available in OpenRGB</b> without I2C or SMBus.</p><h4>How to fix this:</h4><p>On Linux, this is usually because the i2c-dev module is not loaded.</p><p>You must load the i2c-dev module along with the correct i2c driver for your motherboard. This is usually i2c-piix4 for AMD systems and i2c-i801 for Intel systems.</p><p>See <a href='https://help.openrgb.org/'>help.openrgb.org</a> for additional troubleshooting steps if you keep seeing this message.<br></p><h3>If you are not using internal RGB on a desktop this message is not important to you.</h3>
26710 |Info:    [ProfileManager] Found file: Orange.orp attempting to validate header
26710 |Info:    [ProfileManager] Valid v5 profile found for Orange
