    OpenRGB v0.9+ (1.0rc2)
    Commit:  from 
    Launched: 20260228_172414
====================================================================================================

0     |Info:    [ProfileManager] Found file: Orange.orp attempting to validate header
0     |Info:    [ProfileManager] Valid v5 profile found for Orange
53    |Info:    [ResourceManager] Initializing HID interfaces: Success
53    |Info:    ------------------------------------------------------
53    |Info:    |               Start device detection               |
53    |Info:    ------------------------------------------------------
60    |Info:    ------------------------------------------------------
60    |Info:    |             Detecting I2C interfaces               |
60    |Info:    ------------------------------------------------------
60    |Warning: [i2c_smbus_linux] Failed to read i2c device PCI device ID
61    |Info:    [ResourceManager] Registering I2C interface: /dev/i2c-3 Device 0000:0000 Subsystem: 0000:0000
61    |Info:    [ResourceManager] Registering I2C interface: /dev/i2c-1 Device 1002:1638 Subsystem: 17AA:3A5D
61    |Info:    [ResourceManager] Registering I2C interface: /dev/i2c-ELAN0001:00 Device 0000:0000 Subsystem: 0000:0000
61    |Info:    [ResourceManager] Registering I2C interface: /dev/i2c-6 Device 1022:790B Subsystem: 17AA:384C
61    |Info:    [ResourceManager] Registering I2C interface: /dev/i2c-4 Device 10DE:25AD Subsystem: 17AA:3A5D
61    |Info:    [ResourceManager] Registering I2C interface: /dev/i2c-2 Device 1002:1638 Subsystem: 17AA:3A5D
61    |Info:    [ResourceManager] Registering I2C interface: /dev/i2c-0 Device 0000:0000 Subsystem: 0000:0000
61    |Info:    [ResourceManager] Registering I2C interface: /dev/i2c-7 Device 1022:790B Subsystem: 17AA:384C
62    |Info:    [ResourceManager] Registering I2C interface: /dev/i2c-5 Device 1022:790B Subsystem: 17AA:384C
62    |Info:    ------------------------------------------------------
62    |Info:    |               Detecting I2C devices                |
62    |Info:    ------------------------------------------------------
1164  |Info:    ------------------------------------------------------
1164  |Info:    |            Detecting I2C DIMM modules              |
1164  |Info:    ------------------------------------------------------
1337  |Info:    [ResourceManager] Detected occupied slot 1, bus 7, type FPM
1466  |Info:    [ResourceManager] Detected occupied slot 2, bus 7, type FPM
1853  |Info:    [ResourceManager] Detected occupied slot 1, bus 8, type DDR4
2499  |Info:    [ResourceManager] Detected occupied slot 2, bus 8, type DDR4
3019  |Info:    ------------------------------------------------------
3019  |Info:    |               Detecting I2C PCI devices            |
3019  |Info:    ------------------------------------------------------
3021  |Info:    ------------------------------------------------------
3021  |Info:    |               Detecting HID devices                |
3021  |Info:    ------------------------------------------------------
3021  |Info:    [Lenovo Ideapad 3-15ach6] Registering RGB controller
3021  |Info:    [Lenovo 5 2021 Ideapad] Registering RGB controller
3021  |Info:    ------------------------------------------------------
3021  |Info:    |            Detecting libusb HID devices            |
3021  |Info:    ------------------------------------------------------
3052  |Info:    ------------------------------------------------------
3053  |Info:    |              Detecting other devices               |
3053  |Info:    ------------------------------------------------------
5054  |Info:    [ResourceManager] Calling Post-detection callbacks
5054  |Info:    ------------------------------------------------------
5054  |Info:    |                Detection completed                 |
5054  |Info:    ------------------------------------------------------
5054  |Dialog:  <h2>Some internal devices may not be detected:</h2><p>One or more I2C or SMBus interfaces failed to initialize.</p><p><b>RGB DRAM modules, some motherboards' onboard RGB lighting, and RGB Graphics Cards, will not be available in OpenRGB</b> without I2C or SMBus.</p><h4>How to fix this:</h4><p>On Linux, this is usually because the i2c-dev module is not loaded.</p><p>You must load the i2c-dev module along with the correct i2c driver for your motherboard. This is usually i2c-piix4 for AMD systems and i2c-i801 for Intel systems.</p><p>See <a href='https://help.openrgb.org/'>help.openrgb.org</a> for additional troubleshooting steps if you keep seeing this message.<br></p><h3>If you are not using internal RGB on a desktop this message is not important to you.</h3>
56308 |Info:    [ProfileManager] Profile loading: Succeeded for Lenovo Ideapad 3-15ach6 @ 
56308 |Info:    [ProfileManager] Profile loading: Succeeded for Lenovo 5 2021 Ideapad @ 
57233 |Info:    [ProfileManager] Profile loading: Succeeded for Lenovo Ideapad 3-15ach6 @ 
57233 |Info:    [ProfileManager] Profile loading: Succeeded for Lenovo 5 2021 Ideapad @ 
73381 |Info:    [ProfileManager] Found file: Orange.orp attempting to validate header
73381 |Info:    [ProfileManager] Valid v5 profile found for Orange
85125 |Info:    [ProfileManager] Found file: Orange.orp attempting to validate header
85125 |Info:    [ProfileManager] Valid v5 profile found for Orange
86541 |Info:    [ProfileManager] Profile loading: Succeeded for Lenovo Ideapad 3-15ach6 @ 
86541 |Info:    [ProfileManager] Profile loading: Succeeded for Lenovo 5 2021 Ideapad @ 
