2026-02-27 19:19:28.146 [info] [main] Log level: Info
2026-02-27 19:19:28.146 [info] [main] Validating found git in: "git"
2026-02-27 19:19:28.146 [info] [main] Using git "2.53.0" from "git"
2026-02-27 19:19:28.146 [info] [Model][doInitialScan] Initial repository scan started
2026-02-27 19:19:28.146 [info] > git rev-parse --show-toplevel [3ms]
2026-02-27 19:19:28.146 [info] fatal: not a git repository (or any parent up to mount point /)
Stopping at filesystem boundary (GIT_DISCOVERY_ACROSS_FILESYSTEM not set).
2026-02-27 19:19:28.146 [info] > git rev-parse --show-toplevel [3ms]
2026-02-27 19:19:28.146 [info] fatal: not a git repository (or any parent up to mount point /)
Stopping at filesystem boundary (GIT_DISCOVERY_ACROSS_FILESYSTEM not set).
2026-02-27 19:19:28.146 [info] [Model][doInitialScan] Initial repository scan completed - repositories (0), closed repositories (0), parent repositories (0), unsafe repositories (0)
2026-02-27 19:19:28.198 [info] > git rev-parse --show-toplevel [23ms]
2026-02-27 19:19:28.198 [info] fatal: not a git repository (or any parent up to mount point /)
Stopping at filesystem boundary (GIT_DISCOVERY_ACROSS_FILESYSTEM not set).
2026-02-27 19:19:28.285 [info] > git rev-parse --show-toplevel [1ms]
2026-02-27 19:19:28.285 [info] fatal: not a git repository (or any parent up to mount point /)
Stopping at filesystem boundary (GIT_DISCOVERY_ACROSS_FILESYSTEM not set).
2026-02-27 19:19:28.326 [info] > git rev-parse --show-toplevel [1ms]
2026-02-27 19:19:28.326 [info] fatal: not a git repository (or any parent up to mount point /)
Stopping at filesystem boundary (GIT_DISCOVERY_ACROSS_FILESYSTEM not set).
2026-02-27 19:19:29.672 [info] > git rev-parse --show-toplevel [1ms]
2026-02-27 19:19:29.672 [info] fatal: not a git repository (or any parent up to mount point /)
Stopping at filesystem boundary (GIT_DISCOVERY_ACROSS_FILESYSTEM not set).
2026-02-27 19:19:30.373 [info] > git rev-parse --show-toplevel [1ms]
2026-02-27 19:19:30.373 [info] fatal: not a git repository (or any parent up to mount point /)
Stopping at filesystem boundary (GIT_DISCOVERY_ACROSS_FILESYSTEM not set).
2026-02-27 19:19:38.502 [info] > git rev-parse --show-toplevel [1ms]
2026-02-27 19:19:38.502 [info] fatal: not a git repository (or any parent up to mount point /)
Stopping at filesystem boundary (GIT_DISCOVERY_ACROSS_FILESYSTEM not set).
