2026-02-28 12:48:04.693 [info] [main] Log level: Info
2026-02-28 12:48:04.693 [info] [main] Validating found git in: "git"
2026-02-28 12:48:04.693 [info] [main] Using git "2.53.0" from "git"
2026-02-28 12:48:04.693 [info] [Model][doInitialScan] Initial repository scan started
2026-02-28 12:48:04.693 [info] > git rev-parse --show-toplevel [11ms]
2026-02-28 12:48:04.693 [info] fatal: not a git repository (or any parent up to mount point /)
Stopping at filesystem boundary (GIT_DISCOVERY_ACROSS_FILESYSTEM not set).
2026-02-28 12:48:04.693 [info] > git rev-parse --show-toplevel [1ms]
2026-02-28 12:48:04.693 [info] fatal: not a git repository (or any parent up to mount point /)
Stopping at filesystem boundary (GIT_DISCOVERY_ACROSS_FILESYSTEM not set).
2026-02-28 12:48:04.693 [info] > git rev-parse --show-toplevel [1ms]
2026-02-28 12:48:04.693 [info] fatal: not a git repository (or any parent up to mount point /)
Stopping at filesystem boundary (GIT_DISCOVERY_ACROSS_FILESYSTEM not set).
2026-02-28 12:48:04.693 [info] [Model][doInitialScan] Initial repository scan completed - repositories (0), closed repositories (0), parent repositories (0), unsafe repositories (0)
2026-02-28 12:48:04.722 [info] > git rev-parse --show-toplevel [1ms]
2026-02-28 12:48:04.722 [info] fatal: not a git repository (or any parent up to mount point /)
Stopping at filesystem boundary (GIT_DISCOVERY_ACROSS_FILESYSTEM not set).
2026-02-28 12:48:04.828 [info] > git rev-parse --show-toplevel [1ms]
2026-02-28 12:48:04.828 [info] fatal: not a git repository (or any parent up to mount point /)
Stopping at filesystem boundary (GIT_DISCOVERY_ACROSS_FILESYSTEM not set).
2026-02-28 12:48:04.874 [info] > git rev-parse --show-toplevel [1ms]
2026-02-28 12:48:04.874 [info] fatal: not a git repository (or any parent up to mount point /)
Stopping at filesystem boundary (GIT_DISCOVERY_ACROSS_FILESYSTEM not set).
2026-02-28 12:48:06.210 [info] > git rev-parse --show-toplevel [1ms]
2026-02-28 12:48:06.210 [info] fatal: not a git repository (or any parent up to mount point /)
Stopping at filesystem boundary (GIT_DISCOVERY_ACROSS_FILESYSTEM not set).
