2026-02-28 04:06:37.314 [info] [main] Log level: Info
2026-02-28 04:06:37.314 [info] [main] Validating found git in: "git"
2026-02-28 04:06:37.314 [info] [main] Using git "2.53.0" from "git"
2026-02-28 04:06:37.314 [info] [Model][doInitialScan] Initial repository scan started
2026-02-28 04:06:37.314 [info] > git rev-parse --show-toplevel [7ms]
2026-02-28 04:06:37.314 [info] fatal: not a git repository (or any parent up to mount point /)
Stopping at filesystem boundary (GIT_DISCOVERY_ACROSS_FILESYSTEM not set).
2026-02-28 04:06:37.314 [info] > git rev-parse --show-toplevel [2ms]
2026-02-28 04:06:37.314 [info] fatal: not a git repository (or any parent up to mount point /)
Stopping at filesystem boundary (GIT_DISCOVERY_ACROSS_FILESYSTEM not set).
2026-02-28 04:06:37.314 [info] > git rev-parse --show-toplevel [5ms]
2026-02-28 04:06:37.314 [info] fatal: not a git repository (or any parent up to mount point /)
Stopping at filesystem boundary (GIT_DISCOVERY_ACROSS_FILESYSTEM not set).
2026-02-28 04:06:37.314 [info] > git rev-parse --show-toplevel [1ms]
2026-02-28 04:06:37.314 [info] fatal: not a git repository (or any parent up to mount point /)
Stopping at filesystem boundary (GIT_DISCOVERY_ACROSS_FILESYSTEM not set).
2026-02-28 04:06:37.314 [info] [Model][doInitialScan] Initial repository scan completed - repositories (0), closed repositories (0), parent repositories (0), unsafe repositories (0)
2026-02-28 04:06:37.422 [info] > git rev-parse --show-toplevel [1ms]
2026-02-28 04:06:37.422 [info] fatal: not a git repository (or any parent up to mount point /)
Stopping at filesystem boundary (GIT_DISCOVERY_ACROSS_FILESYSTEM not set).
2026-02-28 04:06:37.490 [info] > git rev-parse --show-toplevel [1ms]
2026-02-28 04:06:37.490 [info] fatal: not a git repository (or any parent up to mount point /)
Stopping at filesystem boundary (GIT_DISCOVERY_ACROSS_FILESYSTEM not set).
2026-02-28 04:06:38.575 [info] > git rev-parse --show-toplevel [1ms]
2026-02-28 04:06:38.575 [info] fatal: not a git repository (or any parent up to mount point /)
Stopping at filesystem boundary (GIT_DISCOVERY_ACROSS_FILESYSTEM not set).
2026-02-28 04:06:51.029 [info] > git rev-parse --show-toplevel [1ms]
2026-02-28 04:06:51.029 [info] fatal: not a git repository (or any parent up to mount point /)
Stopping at filesystem boundary (GIT_DISCOVERY_ACROSS_FILESYSTEM not set).
2026-02-28 04:21:40.172 [info] > git rev-parse --show-toplevel [2ms]
2026-02-28 04:21:40.172 [info] fatal: not a git repository (or any parent up to mount point /)
Stopping at filesystem boundary (GIT_DISCOVERY_ACROSS_FILESYSTEM not set).
2026-02-28 04:21:42.761 [info] > git rev-parse --show-toplevel [1ms]
2026-02-28 04:21:42.761 [info] fatal: not a git repository (or any parent up to mount point /)
Stopping at filesystem boundary (GIT_DISCOVERY_ACROSS_FILESYSTEM not set).
2026-02-28 04:24:35.987 [info] > git rev-parse --show-toplevel [1ms]
2026-02-28 04:24:35.987 [info] fatal: not a git repository (or any parent up to mount point /)
Stopping at filesystem boundary (GIT_DISCOVERY_ACROSS_FILESYSTEM not set).
