2026-02-27 22:57:27.535 [info] [main] Log level: Info
2026-02-27 22:57:27.535 [info] [main] Validating found git in: "git"
2026-02-27 22:57:27.535 [info] [main] Using git "2.53.0" from "git"
2026-02-27 22:57:27.535 [info] [Model][doInitialScan] Initial repository scan started
2026-02-27 22:57:27.535 [info] > git rev-parse --show-toplevel [9ms]
2026-02-27 22:57:27.535 [info] fatal: not a git repository (or any parent up to mount point /)
Stopping at filesystem boundary (GIT_DISCOVERY_ACROSS_FILESYSTEM not set).
2026-02-27 22:57:27.535 [info] > git rev-parse --show-toplevel [1ms]
2026-02-27 22:57:27.535 [info] fatal: not a git repository (or any parent up to mount point /)
Stopping at filesystem boundary (GIT_DISCOVERY_ACROSS_FILESYSTEM not set).
2026-02-27 22:57:27.535 [info] [Model][doInitialScan] Initial repository scan completed - repositories (0), closed repositories (0), parent repositories (0), unsafe repositories (0)
2026-02-27 22:57:27.535 [info] > git rev-parse --show-toplevel [1ms]
2026-02-27 22:57:27.535 [info] fatal: not a git repository (or any parent up to mount point /)
Stopping at filesystem boundary (GIT_DISCOVERY_ACROSS_FILESYSTEM not set).
2026-02-27 22:57:27.535 [info] > git rev-parse --show-toplevel [1ms]
2026-02-27 22:57:27.535 [info] fatal: not a git repository (or any parent up to mount point /)
Stopping at filesystem boundary (GIT_DISCOVERY_ACROSS_FILESYSTEM not set).
2026-02-27 22:57:27.644 [info] > git rev-parse --show-toplevel [1ms]
2026-02-27 22:57:27.644 [info] fatal: not a git repository (or any parent up to mount point /)
Stopping at filesystem boundary (GIT_DISCOVERY_ACROSS_FILESYSTEM not set).
2026-02-27 22:57:27.760 [info] > git rev-parse --show-toplevel [1ms]
2026-02-27 22:57:27.760 [info] fatal: not a git repository (or any parent up to mount point /)
Stopping at filesystem boundary (GIT_DISCOVERY_ACROSS_FILESYSTEM not set).
2026-02-27 22:57:29.026 [info] > git rev-parse --show-toplevel [1ms]
2026-02-27 22:57:29.026 [info] fatal: not a git repository (or any parent up to mount point /)
Stopping at filesystem boundary (GIT_DISCOVERY_ACROSS_FILESYSTEM not set).
2026-02-27 22:57:48.484 [info] > git rev-parse --show-toplevel [1ms]
2026-02-27 22:57:48.484 [info] fatal: not a git repository (or any parent up to mount point /)
Stopping at filesystem boundary (GIT_DISCOVERY_ACROSS_FILESYSTEM not set).
2026-02-27 22:58:04.147 [info] > git rev-parse --show-toplevel [1ms]
2026-02-27 22:58:04.147 [info] fatal: not a git repository (or any parent up to mount point /)
Stopping at filesystem boundary (GIT_DISCOVERY_ACROSS_FILESYSTEM not set).
2026-02-27 23:24:01.499 [info] > git rev-parse --show-toplevel [1ms]
2026-02-27 23:24:01.499 [info] fatal: not a git repository (or any parent up to mount point /)
Stopping at filesystem boundary (GIT_DISCOVERY_ACROSS_FILESYSTEM not set).
2026-02-27 23:24:33.136 [info] > git rev-parse --show-toplevel [1ms]
2026-02-27 23:24:33.137 [info] fatal: not a git repository (or any parent up to mount point /)
Stopping at filesystem boundary (GIT_DISCOVERY_ACROSS_FILESYSTEM not set).
2026-02-27 23:25:03.339 [info] > git rev-parse --show-toplevel [1ms]
2026-02-27 23:25:03.339 [info] fatal: not a git repository (or any parent up to mount point /)
Stopping at filesystem boundary (GIT_DISCOVERY_ACROSS_FILESYSTEM not set).
2026-02-27 23:25:13.779 [info] > git rev-parse --show-toplevel [1ms]
2026-02-27 23:25:13.779 [info] fatal: not a git repository (or any parent up to mount point /)
Stopping at filesystem boundary (GIT_DISCOVERY_ACROSS_FILESYSTEM not set).
2026-02-27 23:27:56.271 [info] > git rev-parse --show-toplevel [1ms]
2026-02-27 23:27:56.271 [info] fatal: not a git repository (or any parent up to mount point /)
Stopping at filesystem boundary (GIT_DISCOVERY_ACROSS_FILESYSTEM not set).
2026-02-27 23:34:07.593 [info] > git rev-parse --show-toplevel [1ms]
2026-02-27 23:34:07.593 [info] fatal: not a git repository (or any parent up to mount point /)
Stopping at filesystem boundary (GIT_DISCOVERY_ACROSS_FILESYSTEM not set).
2026-02-27 23:34:15.335 [info] > git rev-parse --show-toplevel [1ms]
2026-02-27 23:34:15.335 [info] fatal: not a git repository (or any parent up to mount point /)
Stopping at filesystem boundary (GIT_DISCOVERY_ACROSS_FILESYSTEM not set).
2026-02-27 23:35:13.266 [info] > git rev-parse --show-toplevel [1ms]
2026-02-27 23:35:13.266 [info] fatal: not a git repository (or any parent up to mount point /)
Stopping at filesystem boundary (GIT_DISCOVERY_ACROSS_FILESYSTEM not set).
2026-02-27 23:35:15.214 [info] > git rev-parse --show-toplevel [1ms]
2026-02-27 23:35:15.214 [info] fatal: not a git repository (or any parent up to mount point /)
Stopping at filesystem boundary (GIT_DISCOVERY_ACROSS_FILESYSTEM not set).
2026-02-27 23:35:15.776 [info] > git rev-parse --show-toplevel [1ms]
2026-02-27 23:35:15.776 [info] fatal: not a git repository (or any parent up to mount point /)
Stopping at filesystem boundary (GIT_DISCOVERY_ACROSS_FILESYSTEM not set).
2026-02-27 23:37:32.269 [info] > git rev-parse --show-toplevel [1ms]
2026-02-27 23:37:32.269 [info] fatal: not a git repository (or any parent up to mount point /)
Stopping at filesystem boundary (GIT_DISCOVERY_ACROSS_FILESYSTEM not set).
2026-02-27 23:40:24.310 [info] > git rev-parse --show-toplevel [1ms]
2026-02-27 23:40:24.310 [info] fatal: not a git repository (or any parent up to mount point /)
Stopping at filesystem boundary (GIT_DISCOVERY_ACROSS_FILESYSTEM not set).
2026-02-27 23:57:47.959 [info] > git rev-parse --show-toplevel [1ms]
2026-02-27 23:57:47.959 [info] fatal: not a git repository (or any parent up to mount point /)
Stopping at filesystem boundary (GIT_DISCOVERY_ACROSS_FILESYSTEM not set).
2026-02-28 00:00:33.254 [info] > git rev-parse --show-toplevel [1ms]
2026-02-28 00:00:33.254 [info] fatal: not a git repository (or any parent up to mount point /)
Stopping at filesystem boundary (GIT_DISCOVERY_ACROSS_FILESYSTEM not set).
