2026-02-28 03:09:59.205 [info] [main] Log level: Info
2026-02-28 03:09:59.205 [info] [main] Validating found git in: "git"
2026-02-28 03:09:59.205 [info] [main] Using git "2.53.0" from "git"
2026-02-28 03:09:59.205 [info] [Model][doInitialScan] Initial repository scan started
2026-02-28 03:09:59.205 [info] > git rev-parse --show-toplevel [2ms]
2026-02-28 03:09:59.205 [info] fatal: not a git repository (or any parent up to mount point /)
Stopping at filesystem boundary (GIT_DISCOVERY_ACROSS_FILESYSTEM not set).
2026-02-28 03:09:59.205 [info] > git rev-parse --show-toplevel [4ms]
2026-02-28 03:09:59.205 [info] fatal: not a git repository (or any parent up to mount point /)
Stopping at filesystem boundary (GIT_DISCOVERY_ACROSS_FILESYSTEM not set).
2026-02-28 03:09:59.205 [info] > git rev-parse --show-toplevel [2ms]
2026-02-28 03:09:59.205 [info] fatal: not a git repository (or any parent up to mount point /)
Stopping at filesystem boundary (GIT_DISCOVERY_ACROSS_FILESYSTEM not set).
2026-02-28 03:09:59.205 [info] [Model][doInitialScan] Initial repository scan completed - repositories (0), closed repositories (0), parent repositories (0), unsafe repositories (0)
2026-02-28 03:09:59.261 [info] > git rev-parse --show-toplevel [27ms]
2026-02-28 03:09:59.261 [info] fatal: not a git repository (or any parent up to mount point /)
Stopping at filesystem boundary (GIT_DISCOVERY_ACROSS_FILESYSTEM not set).
2026-02-28 03:09:59.286 [info] > git rev-parse --show-toplevel [3ms]
2026-02-28 03:09:59.286 [info] fatal: not a git repository (or any parent up to mount point /)
Stopping at filesystem boundary (GIT_DISCOVERY_ACROSS_FILESYSTEM not set).
2026-02-28 03:09:59.348 [info] > git rev-parse --show-toplevel [1ms]
2026-02-28 03:09:59.348 [info] fatal: not a git repository (or any parent up to mount point /)
Stopping at filesystem boundary (GIT_DISCOVERY_ACROSS_FILESYSTEM not set).
2026-02-28 03:09:59.399 [info] > git rev-parse --show-toplevel [1ms]
2026-02-28 03:09:59.399 [info] fatal: not a git repository (or any parent up to mount point /)
Stopping at filesystem boundary (GIT_DISCOVERY_ACROSS_FILESYSTEM not set).
