2026-02-28 14:00:44.709 [info] [main] Log level: Info
2026-02-28 14:00:44.709 [info] [main] Validating found git in: "git"
2026-02-28 14:00:44.709 [info] [main] Using git "2.53.0" from "git"
2026-02-28 14:00:44.709 [info] [Model][doInitialScan] Initial repository scan started
2026-02-28 14:00:44.709 [info] > git rev-parse --show-toplevel [16ms]
2026-02-28 14:00:44.709 [info] fatal: not a git repository (or any parent up to mount point /)
Stopping at filesystem boundary (GIT_DISCOVERY_ACROSS_FILESYSTEM not set).
2026-02-28 14:00:44.709 [info] > git rev-parse --show-toplevel [2ms]
2026-02-28 14:00:44.709 [info] fatal: not a git repository (or any parent up to mount point /)
Stopping at filesystem boundary (GIT_DISCOVERY_ACROSS_FILESYSTEM not set).
2026-02-28 14:00:44.709 [info] > git rev-parse --show-toplevel [2ms]
2026-02-28 14:00:44.709 [info] fatal: not a git repository (or any parent up to mount point /)
Stopping at filesystem boundary (GIT_DISCOVERY_ACROSS_FILESYSTEM not set).
2026-02-28 14:00:44.709 [info] > git rev-parse --show-toplevel [2ms]
2026-02-28 14:00:44.709 [info] fatal: not a git repository (or any parent up to mount point /)
Stopping at filesystem boundary (GIT_DISCOVERY_ACROSS_FILESYSTEM not set).
2026-02-28 14:00:44.709 [info] [Model][doInitialScan] Initial repository scan completed - repositories (0), closed repositories (0), parent repositories (0), unsafe repositories (0)
2026-02-28 14:00:44.709 [info] > git rev-parse --show-toplevel [2ms]
2026-02-28 14:00:44.709 [info] fatal: not a git repository (or any parent up to mount point /)
Stopping at filesystem boundary (GIT_DISCOVERY_ACROSS_FILESYSTEM not set).
2026-02-28 14:00:44.953 [info] > git rev-parse --show-toplevel [1ms]
2026-02-28 14:00:44.953 [info] fatal: not a git repository (or any parent up to mount point /)
Stopping at filesystem boundary (GIT_DISCOVERY_ACROSS_FILESYSTEM not set).
2026-02-28 14:00:45.021 [info] > git rev-parse --show-toplevel [1ms]
2026-02-28 14:00:45.021 [info] fatal: not a git repository (or any parent up to mount point /)
Stopping at filesystem boundary (GIT_DISCOVERY_ACROSS_FILESYSTEM not set).
2026-02-28 14:00:45.859 [info] > git rev-parse --show-toplevel [3ms]
2026-02-28 14:00:45.859 [info] fatal: not a git repository (or any parent up to mount point /)
Stopping at filesystem boundary (GIT_DISCOVERY_ACROSS_FILESYSTEM not set).
2026-02-28 14:00:48.081 [info] > git rev-parse --show-toplevel [2ms]
2026-02-28 14:00:48.081 [info] fatal: not a git repository (or any parent up to mount point /)
Stopping at filesystem boundary (GIT_DISCOVERY_ACROSS_FILESYSTEM not set).
2026-02-28 14:00:49.413 [info] > git rev-parse --show-toplevel [2ms]
2026-02-28 14:00:49.413 [info] fatal: not a git repository (or any parent up to mount point /)
Stopping at filesystem boundary (GIT_DISCOVERY_ACROSS_FILESYSTEM not set).
2026-02-28 14:00:50.668 [info] > git rev-parse --show-toplevel [2ms]
2026-02-28 14:00:50.668 [info] fatal: not a git repository (or any parent up to mount point /)
Stopping at filesystem boundary (GIT_DISCOVERY_ACROSS_FILESYSTEM not set).
2026-02-28 14:00:52.650 [info] > git rev-parse --show-toplevel [1ms]
2026-02-28 14:00:52.650 [info] fatal: not a git repository (or any parent up to mount point /)
Stopping at filesystem boundary (GIT_DISCOVERY_ACROSS_FILESYSTEM not set).
